[GIN-debug] [WARNING] Creating an Engine instance with the Logger and Recovery middleware already attached.

[GIN-debug] [WARNING] Running in "debug" mode. Switch to "release" mode in production.
 - using env:	export GIN_MODE=release
 - using code:	gin.SetMode(gin.ReleaseMode)

[GIN-debug] GET    /css/*filepath            --> github.com/gin-gonic/gin.(*RouterGroup).createStaticHandler.func1 (4 handlers)
[GIN-debug] HEAD   /css/*filepath            --> github.com/gin-gonic/gin.(*RouterGroup).createStaticHandler.func1 (4 handlers)
[GIN-debug] GET    /scripts/*filepath        --> github.com/gin-gonic/gin.(*RouterGroup).createStaticHandler.func1 (4 handlers)
[GIN-debug] HEAD   /scripts/*filepath        --> github.com/gin-gonic/gin.(*RouterGroup).createStaticHandler.func1 (4 handlers)
[GIN-debug] GET    /favicon.png              --> obstore/internal/apiserver.(*server).configureRouter.(*RouterGroup).StaticFile.func1 (4 handlers)
[GIN-debug] HEAD   /favicon.png              --> obstore/internal/apiserver.(*server).configureRouter.(*RouterGroup).StaticFile.func1 (4 handlers)
[GIN-debug] Loaded HTML Templates (4): 
	- 
	- loginStyle.css
	- loginScript.js
	- login.html

[GIN-debug] POST   /api/v1/user/signout      --> obstore/internal/apiserver.(*server).SignOutUserById-fm (5 handlers)
[GIN-debug] POST   /api/v1/user/update       --> obstore/internal/apiserver.(*server).UpdateUser-fm (5 handlers)
[GIN-debug] POST   /api/v1/user/update/pass  --> obstore/internal/apiserver.(*server).UpdatePassword-fm (5 handlers)
[GIN-debug] POST   /api/v1/users             --> obstore/internal/apiserver.(*server).CreateUser-fm (4 handlers)
[GIN-debug] POST   /api/v1/users/signin      --> obstore/internal/apiserver.(*server).SignIn-fm (4 handlers)
[GIN-debug] GET    /api/v1/users             --> obstore/internal/apiserver.(*server).GetUserAll-fm (5 handlers)
[GIN-debug] POST   /api/v1/users/password/restore --> obstore/internal/apiserver.(*server).SetUserTemporaryPassword-fm (4 handlers)
[GIN-debug] GET    /api/v1/team              --> obstore/internal/apiserver.(*server).GetTeamById-fm (5 handlers)
[GIN-debug] POST   /api/v1/team/delete       --> obstore/internal/apiserver.(*server).DeteleTeamById-fm (5 handlers)
[GIN-debug] POST   /api/v1/team/update       --> obstore/internal/apiserver.(*server).UpdateTeam-fm (5 handlers)
[GIN-debug] POST   /api/v1/team/teamcomposition --> obstore/internal/apiserver.(*server).GetTeamComposition-fm (5 handlers)
[GIN-debug] POST   /api/v1/teams             --> obstore/internal/apiserver.(*server).CreateTeam-fm (5 handlers)
[GIN-debug] GET    /api/v1/teams             --> obstore/internal/apiserver.(*server).GetTeamAll-fm (5 handlers)
[GIN-debug] GET    /api/v1/product/find/article --> obstore/internal/apiserver.(*server).GetProductByArticle-fm (5 handlers)
[GIN-debug] GET    /api/v1/product/find/strikecode --> obstore/internal/apiserver.(*server).GetProductByStrikeCode-fm (5 handlers)
[GIN-debug] GET    /api/v1/product/find/name --> obstore/internal/apiserver.(*server).GetProductByName-fm (5 handlers)
[GIN-debug] POST   /api/v1/product/update/strikecode --> obstore/internal/apiserver.(*server).UpdateProductStrikeCodeById-fm (5 handlers)
[GIN-debug] POST   /api/v1/products          --> obstore/internal/apiserver.(*server).CreateProduct-fm (5 handlers)
[GIN-debug] GET    /api/v1/products          --> obstore/internal/apiserver.(*server).GetProductsAll-fm (5 handlers)
[GIN-debug] GET    /api/v1/order/find/id     --> obstore/internal/apiserver.(*server).GetOrderById-fm (5 handlers)
[GIN-debug] GET    /api/v1/order/find/uid    --> obstore/internal/apiserver.(*server).GetOrderByUID-fm (5 handlers)
[GIN-debug] GET    /api/v1/order/find/num    --> obstore/internal/apiserver.(*server).GetOrderByFolioNum-fm (5 handlers)
[GIN-debug] POST   /api/v1/orders            --> obstore/internal/apiserver.(*server).CreateOrder-fm (5 handlers)
[GIN-debug] GET    /api/v1/orders            --> obstore/internal/apiserver.(*server).GetOrdersAll-fm (5 handlers)
[GIN-debug] GET    /api/v1/orders/range      --> obstore/internal/apiserver.(*server).GetOrdersByDateRange-fm (5 handlers)
[GIN-debug] GET    /api/v1/orders/driver     --> obstore/internal/apiserver.(*server).GetOrdersByDriver-fm (5 handlers)
[GIN-debug] GET    /api/v1/orders/agent      --> obstore/internal/apiserver.(*server).GetOrdersByAgent-fm (5 handlers)
[GIN-debug] GET    /api/v1/teamcomposition/  --> obstore/internal/apiserver.(*server).GetTeamCompositionById-fm (5 handlers)
[GIN-debug] POST   /api/v1/teamcomposition/update --> obstore/internal/apiserver.(*server).UpdateTeamComposition-fm (5 handlers)
[GIN-debug] GET    /api/v1/teamcomposition/team --> obstore/internal/apiserver.(*server).GetTeamCompositionByTeamId-fm (5 handlers)
[GIN-debug] GET    /api/v1/teamcomposition/user --> obstore/internal/apiserver.(*server).GetTeamCompositionByUserId-fm (5 handlers)
[GIN-debug] POST   /api/v1/teamcompositions  --> obstore/internal/apiserver.(*server).CreateTeamComposition-fm (5 handlers)
[GIN-debug] GET    /api/v1/teamcompositions  --> obstore/internal/apiserver.(*server).GetTeamCompositionAll-fm (5 handlers)
[GIN-debug] GET    /api/v1/assemblyorder/find/id --> obstore/internal/apiserver.(*server).GetAssemblyOrderByID-fm (5 handlers)
[GIN-debug] POST   /api/v1/assemblyorders    --> obstore/internal/apiserver.(*server).CreateAssemblyOrder-fm (5 handlers)
[GIN-debug] GET    /api/v1/warehouses        --> obstore/internal/apiserver.(*server).GetWarehouseAll-fm (5 handlers)
[GIN-debug] POST   /api/v1/warehouses        --> obstore/internal/apiserver.(*server).CreateWarehouse-fm (5 handlers)
[GIN-debug] GET    /api/v1/warehouse/find/id --> obstore/internal/apiserver.(*server).GetWarehouseById-fm (5 handlers)
[GIN-debug] POST   /api/v1/warehouse/update  --> obstore/internal/apiserver.(*server).UpdateWarehouse-fm (5 handlers)
[GIN-debug] POST   /api/v1/warehouse/delete  --> obstore/internal/apiserver.(*server).DeleteWarehouseById-fm (5 handlers)
[GIN-debug] POST   /api/v1/roles             --> obstore/internal/apiserver.(*server).CreateRole-fm (4 handlers)
[GIN-debug] GET    /api/v1/roles             --> obstore/internal/apiserver.(*server).GetAllRoles-fm (4 handlers)
[GIN-debug] POST   /api/v1/role/update       --> obstore/internal/apiserver.(*server).UpdateRole-fm (4 handlers)
[GIN-debug] POST   /api/v1/role/delete       --> obstore/internal/apiserver.(*server).DeleteRole-fm (4 handlers)
[GIN-debug] GET    /api/v1/role/find/id      --> obstore/internal/apiserver.(*server).GetRoleById-fm (4 handlers)
[GIN-debug] GET    /api/v1/role/find/idrole  --> obstore/internal/apiserver.(*server).GetRoleUser-fm (4 handlers)
[GIN-debug] POST   /api/v1/userRoles         --> obstore/internal/apiserver.(*server).CreateUserRole-fm (4 handlers)
[GIN-debug] GET    /api/v1/userRoles         --> obstore/internal/apiserver.(*server).GetAllUserRole-fm (4 handlers)
[GIN-debug] GET    /api/v1/userRoles/find/userId --> obstore/internal/apiserver.(*server).GetUserRoleByUserId-fm (4 handlers)
[GIN-debug] GET    /api/v1/userRoles/find/roleId --> obstore/internal/apiserver.(*server).GetUserRoleByRoleId-fm (4 handlers)
[GIN-debug] POST   /api/v1/userRole/update   --> obstore/internal/apiserver.(*server).UpdateUserRole-fm (4 handlers)
[GIN-debug] GET    /api/v1/userRole/find/id  --> obstore/internal/apiserver.(*server).GetUserRoleById-fm (4 handlers)
[GIN-debug] [WARNING] You trusted all proxies, this is NOT safe. We recommend you to set a value.
Please check https://pkg.go.dev/github.com/gin-gonic/gin#readme-don-t-trust-all-proxies for details.
[GIN-debug] Listening and serving HTTP on :8090
[GIN] 2024/10/23 - 13:32:14 | 202 |      98.113ms |             ::1 | POST     "/api/v1/user/signout"
[GIN-debug] [WARNING] Headers were already written. Wanted to override status code 401 with 500
[GIN] 2024/10/23 - 13:38:43 | 401 |       9.701ms |   172.16.55.175 | POST     "/api/v1/user/signout"
[GIN-debug] [WARNING] Headers were already written. Wanted to override status code 401 with 500
[GIN] 2024/10/23 - 13:38:50 | 401 |     13.0797ms |   172.16.55.175 | POST     "/api/v1/user/signout"
[GIN] 2024/10/23 - 13:38:56 | 200 |    114.8702ms |   172.16.55.175 | POST     "/api/v1/users/password/restore"
[GIN] 2024/10/23 - 13:39:00 | 500 |     72.3604ms |   172.16.55.175 | POST     "/api/v1/users/signin"
[GIN-debug] [WARNING] Headers were already written. Wanted to override status code 401 with 500
[GIN] 2024/10/23 - 13:47:47 | 401 |      4.7879ms |             ::1 | POST     "/api/v1/user/signout"
[GIN-debug] [WARNING] Headers were already written. Wanted to override status code 401 with 500
[GIN] 2024/10/23 - 13:48:18 | 401 |      8.0205ms |             ::1 | POST     "/api/v1/user/signout"
[GIN] 2024/10/23 - 13:48:27 | 200 |    127.4513ms |             ::1 | POST     "/api/v1/users/password/restore"
[GIN] 2024/10/23 - 13:48:42 | 200 |    138.6263ms |             ::1 | POST     "/api/v1/users/signin"
[GIN] 2024/10/23 - 13:49:12 | 200 |    166.8575ms |             ::1 | POST     "/api/v1/user/update/pass"
[GIN] 2024/10/23 - 13:49:19 | 200 |     159.729ms |             ::1 | POST     "/api/v1/users/signin"
[GIN] 2024/10/23 - 13:50:30 | 200 |    202.8217ms |   172.16.55.175 | POST     "/api/v1/users/signin"
[GIN] 2024/10/23 - 14:00:43 | 200 |    125.6262ms |     172.16.4.23 | POST     "/api/v1/users/password/restore"
[GIN] 2024/10/23 - 14:00:46 | 500 |    152.4352ms |     172.16.4.23 | POST     "/api/v1/users/signin"
[GIN] 2024/10/23 - 14:00:52 | 500 |    130.9521ms |     172.16.4.23 | POST     "/api/v1/users/signin"
[GIN] 2024/10/23 - 14:01:14 | 200 |    149.2939ms |     172.16.4.23 | POST     "/api/v1/users/password/restore"
[GIN] 2024/10/23 - 14:01:17 | 200 |    155.1443ms |     172.16.4.23 | POST     "/api/v1/users/signin"
[GIN] 2024/10/23 - 14:01:36 | 200 |    154.2379ms |     172.16.4.23 | POST     "/api/v1/users/password/restore"
[GIN] 2024/10/23 - 14:01:39 | 200 |    178.6244ms |     172.16.4.23 | POST     "/api/v1/users/signin"
[GIN] 2024/10/23 - 14:01:39 | 200 |     23.3144ms |     172.16.4.23 | GET      "/api/v1/orders"
[GIN] 2024/10/23 - 14:01:47 | 200 |    191.6926ms |     172.16.4.23 | POST     "/api/v1/user/update/pass"
[GIN] 2024/10/23 - 14:01:47 | 200 |     27.9892ms |     172.16.4.23 | GET      "/api/v1/orders"
[GIN] 2024/10/23 - 14:02:06 | 200 |    171.6896ms |     172.16.4.23 | POST     "/api/v1/users/signin"
[GIN] 2024/10/23 - 14:02:06 | 200 |      24.499ms |     172.16.4.23 | GET      "/api/v1/orders"
[GIN] 2024/10/23 - 14:02:09 | 200 |     28.5221ms |     172.16.4.23 | GET      "/api/v1/orders"
[GIN] 2024/10/23 - 14:03:20 | 200 |    135.8762ms |     172.16.4.23 | POST     "/api/v1/users/password/restore"
[GIN] 2024/10/23 - 14:03:24 | 200 |    154.1288ms |     172.16.4.23 | POST     "/api/v1/users/signin"
[GIN] 2024/10/23 - 14:03:25 | 200 |     26.2571ms |     172.16.4.23 | GET      "/api/v1/orders"
[GIN] 2024/10/23 - 14:03:50 | 200 |    183.6235ms |     172.16.4.23 | POST     "/api/v1/user/update/pass"
[GIN] 2024/10/23 - 14:03:50 | 200 |     24.8969ms |     172.16.4.23 | GET      "/api/v1/orders"
[GIN-debug] [WARNING] Headers were already written. Wanted to override status code 401 with 500
[GIN] 2024/10/23 - 14:03:59 | 401 |      4.4066ms |             ::1 | POST     "/api/v1/user/signout"
[GIN] 2024/10/23 - 14:17:25 | 200 |    149.8429ms |             ::1 | POST     "/api/v1/users/signin"
[GIN] 2024/10/23 - 14:26:57 | 200 |    189.8191ms |             ::1 | POST     "/api/v1/users/signin"
[GIN] 2024/10/23 - 14:39:33 | 500 |     10.9957ms |             ::1 | POST     "/api/v1/users/password/restore"
[GIN] 2024/10/23 - 14:39:39 | 200 |    123.5611ms |             ::1 | POST     "/api/v1/users/password/restore"
[GIN] 2024/10/23 - 14:39:48 | 200 |    137.2816ms |             ::1 | POST     "/api/v1/users/signin"
[GIN] 2024/10/23 - 14:39:58 | 200 |    120.9812ms |             ::1 | POST     "/api/v1/user/update/pass"
[GIN] 2024/10/23 - 14:40:06 | 200 |    176.9069ms |             ::1 | POST     "/api/v1/users/signin"
